<?xml version="1.0" encoding="UTF-8"?>
<!-- Generated by org.testng.reporters.JUnitReportReporter -->
<testsuite hostname="DESKTOP-2EEMU5R" name="com.datamato.PersonalLoan" tests="6" failures="0" timestamp="28 May 2019 12:38:05 GMT" time="177.407" errors="0">
  <testcase name="existingUserLoginPage" time="135.999" classname="com.datamato.PersonalLoan"/>
  <testcase name="PersonalLoanApplyNow" time="8.598" classname="com.datamato.PersonalLoan"/>
  <testcase name="PersonalLoanCalculator" time="12.621" classname="com.datamato.PersonalLoan"/>
  <testcase name="recommendedOffersPage" time="6.378" classname="com.datamato.PersonalLoan"/>
  <testcase name="PersonalLoanSeeDetails" time="8.497" classname="com.datamato.PersonalLoan"/>
  <testcase name="existingUserORNewUser" time="5.314" classname="com.datamato.PersonalLoan"/>
</testsuite> <!-- com.datamato.PersonalLoan -->
