<?xml version="1.0" encoding="UTF-8"?>
<!-- Generated by org.testng.reporters.JUnitReportReporter -->
<testsuite hostname="DESKTOP-2EEMU5R" name="com.datamato.ExistingCustomerTest" tests="1" failures="0" timestamp="28 May 2019 09:17:37 GMT" time="10.339" errors="0">
  <testcase name="PocketInsuranceTravelApplyNow" time="10.339" classname="com.datamato.ExistingCustomerTest"/>
</testsuite> <!-- com.datamato.ExistingCustomerTest -->
