<?xml version="1.0" encoding="UTF-8"?>
<!-- Generated by org.testng.reporters.JUnitReportReporter -->
<testsuite hostname="DESKTOP-2EEMU5R" name="com.datamato.ExistingCustomerTest" tests="11" failures="0" timestamp="24 May 2019 11:46:27 GMT" time="102.387" errors="0">
  <testcase name="PersonalLoanCalculator" time="15.902" classname="com.datamato.ExistingCustomerTest"/>
  <testcase name="PocketInsuranceTravelApplyNow" time="10.309" classname="com.datamato.ExistingCustomerTest"/>
  <testcase name="existingUserLoginPage" time="8.140" classname="com.datamato.ExistingCustomerTest"/>
  <testcase name="PersonalLoanApplyNow" time="6.956" classname="com.datamato.ExistingCustomerTest"/>
  <testcase name="recommendedOffersPage" time="5.149" classname="com.datamato.ExistingCustomerTest"/>
  <testcase name="existingUserORNewUser" time="8.019" classname="com.datamato.ExistingCustomerTest"/>
  <testcase name="PocketInsuranceTravelKnowMore" time="5.922" classname="com.datamato.ExistingCustomerTest"/>
  <testcase name="PocketInsurance" time="21.493" classname="com.datamato.ExistingCustomerTest"/>
  <testcase name="PocketInsuranceTravelBrochure" time="9.189" classname="com.datamato.ExistingCustomerTest"/>
  <testcase name="PocketInsuranceClickTravel" time="2.604" classname="com.datamato.ExistingCustomerTest"/>
  <testcase name="PersonalLoanSeeDetails" time="8.704" classname="com.datamato.ExistingCustomerTest"/>
</testsuite> <!-- com.datamato.ExistingCustomerTest -->
