<?xml version="1.0" encoding="UTF-8"?>
<!-- Generated by org.testng.reporters.JUnitReportReporter -->
<testsuite hostname="DESKTOP-2EEMU5R" name="com.datamato.ExistingCustomerTest" tests="7" failures="0" timestamp="22 May 2019 11:58:37 GMT" time="177.365" errors="0">
  <testcase name="PersonalLoanCalculator" time="15.360" classname="com.datamato.ExistingCustomerTest"/>
  <testcase name="existingUserLoginPage" time="7.626" classname="com.datamato.ExistingCustomerTest"/>
  <testcase name="PersonalLoanApplyNow" time="6.291" classname="com.datamato.ExistingCustomerTest"/>
  <testcase name="recommendedOffersPage" time="4.859" classname="com.datamato.ExistingCustomerTest"/>
  <testcase name="existingUserORNewUser" time="6.022" classname="com.datamato.ExistingCustomerTest"/>
  <testcase name="PocketInsurance" time="0.000" classname="com.datamato.ExistingCustomerTest"/>
  <testcase name="PersonalLoanSeeDetails" time="137.207" classname="com.datamato.ExistingCustomerTest"/>
</testsuite> <!-- com.datamato.ExistingCustomerTest -->
